<?xml version="1.0" encoding="UTF-8"?>
<testsuite xmlns:xsi="http://www.w3.org/2001/XMLSchema-instance" xsi:noNamespaceSchemaLocation="https://maven.apache.org/surefire/maven-surefire-plugin/xsd/surefire-test-report-3.0.xsd" version="3.0" name="supri.com.test.mylibrary.service.impl.BookServiceImplTest" time="0.067" tests="4" errors="0" skipped="0" failures="0">
  <properties>
[...]
</properties>
  <testcase name="listBooks_shouldDelegateToDao" classname="supri.com.test.mylibrary.service.impl.BookServiceImplTest" time="0.045"/>
  <testcase name="getBook_shouldDelegateToDao" classname="supri.com.test.mylibrary.service.impl.BookServiceImplTest" time="0.004"/>
  <testcase name="deleteBook_shouldDelegateToDao" classname="supri.com.test.mylibrary.service.impl.BookServiceImplTest" time="0.004"/>
  <testcase name="saveBook_shouldDelegateToDao" classname="supri.com.test.mylibrary.service.impl.BookServiceImplTest" time="0.003"/>
</testsuite>